D:\COLLEGE\CAIRO UNI\COMPUTER\FIRST YEAR\SECOND TERM\DATA STRUCTURES AND ALORITHMS\PROCESS SCHEDULER PROJECT\PROCESS-SCHEDULER\PROJECT-SCHEDULER\X64\DEBUG\IO.OBJ
D:\COLLEGE\CAIRO UNI\COMPUTER\FIRST YEAR\SECOND TERM\DATA STRUCTURES AND ALORITHMS\PROCESS SCHEDULER PROJECT\PROCESS-SCHEDULER\PROJECT-SCHEDULER\X64\DEBUG\LINKEDQUEUE.OBJ
D:\COLLEGE\CAIRO UNI\COMPUTER\FIRST YEAR\SECOND TERM\DATA STRUCTURES AND ALORITHMS\PROCESS SCHEDULER PROJECT\PROCESS-SCHEDULER\PROJECT-SCHEDULER\X64\DEBUG\MAIN.OBJ
D:\COLLEGE\CAIRO UNI\COMPUTER\FIRST YEAR\SECOND TERM\DATA STRUCTURES AND ALORITHMS\PROCESS SCHEDULER PROJECT\PROCESS-SCHEDULER\PROJECT-SCHEDULER\X64\DEBUG\PRIORITYQUEUE.OBJ
D:\COLLEGE\CAIRO UNI\COMPUTER\FIRST YEAR\SECOND TERM\DATA STRUCTURES AND ALORITHMS\PROCESS SCHEDULER PROJECT\PROCESS-SCHEDULER\PROJECT-SCHEDULER\X64\DEBUG\PROCESS.OBJ
D:\COLLEGE\CAIRO UNI\COMPUTER\FIRST YEAR\SECOND TERM\DATA STRUCTURES AND ALORITHMS\PROCESS SCHEDULER PROJECT\PROCESS-SCHEDULER\PROJECT-SCHEDULER\X64\DEBUG\PROCESSOR.OBJ
D:\COLLEGE\CAIRO UNI\COMPUTER\FIRST YEAR\SECOND TERM\DATA STRUCTURES AND ALORITHMS\PROCESS SCHEDULER PROJECT\PROCESS-SCHEDULER\PROJECT-SCHEDULER\X64\DEBUG\QUEUEADT.OBJ
D:\COLLEGE\CAIRO UNI\COMPUTER\FIRST YEAR\SECOND TERM\DATA STRUCTURES AND ALORITHMS\PROCESS SCHEDULER PROJECT\PROCESS-SCHEDULER\PROJECT-SCHEDULER\X64\DEBUG\SJF.OBJ
D:\COLLEGE\CAIRO UNI\COMPUTER\FIRST YEAR\SECOND TERM\DATA STRUCTURES AND ALORITHMS\PROCESS SCHEDULER PROJECT\PROCESS-SCHEDULER\PROJECT-SCHEDULER\X64\DEBUG\UI.OBJ
D:\COLLEGE\CAIRO UNI\COMPUTER\FIRST YEAR\SECOND TERM\DATA STRUCTURES AND ALORITHMS\PROCESS SCHEDULER PROJECT\PROCESS-SCHEDULER\PROJECT-SCHEDULER\X64\DEBUG\VC110.PDB
D:\COLLEGE\CAIRO UNI\COMPUTER\FIRST YEAR\SECOND TERM\DATA STRUCTURES AND ALORITHMS\PROCESS SCHEDULER PROJECT\PROCESS-SCHEDULER\PROJECT-SCHEDULER\X64\DEBUG\FCFS.OBJ
D:\COLLEGE\CAIRO UNI\COMPUTER\FIRST YEAR\SECOND TERM\DATA STRUCTURES AND ALORITHMS\PROCESS SCHEDULER PROJECT\PROCESS-SCHEDULER\X64\DEBUG\PROJECT-SCHEDULER.ILK
D:\COLLEGE\CAIRO UNI\COMPUTER\FIRST YEAR\SECOND TERM\DATA STRUCTURES AND ALORITHMS\PROCESS SCHEDULER PROJECT\PROCESS-SCHEDULER\X64\DEBUG\PROJECT-SCHEDULER.EXE
D:\COLLEGE\CAIRO UNI\COMPUTER\FIRST YEAR\SECOND TERM\DATA STRUCTURES AND ALORITHMS\PROCESS SCHEDULER PROJECT\PROCESS-SCHEDULER\X64\DEBUG\PROJECT-SCHEDULER.PDB
D:\College\Cairo Uni\Computer\First Year\Second Term\Data Structures and Alorithms\Process Scheduler Project\process-scheduler\project-scheduler\x64\Debug\FCFS.obj
D:\College\Cairo Uni\Computer\First Year\Second Term\Data Structures and Alorithms\Process Scheduler Project\process-scheduler\project-scheduler\x64\Debug\IO.obj
D:\College\Cairo Uni\Computer\First Year\Second Term\Data Structures and Alorithms\Process Scheduler Project\process-scheduler\project-scheduler\x64\Debug\LinkedQueue.obj
D:\College\Cairo Uni\Computer\First Year\Second Term\Data Structures and Alorithms\Process Scheduler Project\process-scheduler\project-scheduler\x64\Debug\PriorityQueue.obj
D:\College\Cairo Uni\Computer\First Year\Second Term\Data Structures and Alorithms\Process Scheduler Project\process-scheduler\project-scheduler\x64\Debug\Process.obj
D:\College\Cairo Uni\Computer\First Year\Second Term\Data Structures and Alorithms\Process Scheduler Project\process-scheduler\project-scheduler\x64\Debug\Processor.obj
D:\College\Cairo Uni\Computer\First Year\Second Term\Data Structures and Alorithms\Process Scheduler Project\process-scheduler\project-scheduler\x64\Debug\QueueADT.obj
D:\College\Cairo Uni\Computer\First Year\Second Term\Data Structures and Alorithms\Process Scheduler Project\process-scheduler\project-scheduler\x64\Debug\SJF.obj
D:\College\Cairo Uni\Computer\First Year\Second Term\Data Structures and Alorithms\Process Scheduler Project\process-scheduler\project-scheduler\x64\Debug\UI.obj
D:\College\Cairo Uni\Computer\First Year\Second Term\Data Structures and Alorithms\Process Scheduler Project\process-scheduler\project-scheduler\x64\Debug\cl.command.1.tlog
D:\College\Cairo Uni\Computer\First Year\Second Term\Data Structures and Alorithms\Process Scheduler Project\process-scheduler\project-scheduler\x64\Debug\CL.read.1.tlog
D:\College\Cairo Uni\Computer\First Year\Second Term\Data Structures and Alorithms\Process Scheduler Project\process-scheduler\project-scheduler\x64\Debug\CL.write.1.tlog
D:\College\Cairo Uni\Computer\First Year\Second Term\Data Structures and Alorithms\Process Scheduler Project\process-scheduler\project-scheduler\x64\Debug\link-cvtres.read.1.tlog
D:\College\Cairo Uni\Computer\First Year\Second Term\Data Structures and Alorithms\Process Scheduler Project\process-scheduler\project-scheduler\x64\Debug\link-cvtres.write.1.tlog
D:\College\Cairo Uni\Computer\First Year\Second Term\Data Structures and Alorithms\Process Scheduler Project\process-scheduler\project-scheduler\x64\Debug\link-rc.read.1.tlog
D:\College\Cairo Uni\Computer\First Year\Second Term\Data Structures and Alorithms\Process Scheduler Project\process-scheduler\project-scheduler\x64\Debug\link-rc.write.1.tlog
D:\College\Cairo Uni\Computer\First Year\Second Term\Data Structures and Alorithms\Process Scheduler Project\process-scheduler\project-scheduler\x64\Debug\link.command.1.tlog
D:\College\Cairo Uni\Computer\First Year\Second Term\Data Structures and Alorithms\Process Scheduler Project\process-scheduler\project-scheduler\x64\Debug\link.read.1.tlog
D:\College\Cairo Uni\Computer\First Year\Second Term\Data Structures and Alorithms\Process Scheduler Project\process-scheduler\project-scheduler\x64\Debug\link.write.1.tlog
D:\College\Cairo Uni\Computer\First Year\Second Term\Data Structures and Alorithms\Process Scheduler Project\process-scheduler\project-scheduler\x64\Debug\vc110.idb
D:\College\Cairo Uni\Computer\First Year\Second Term\Data Structures and Alorithms\Process Scheduler Project\process-scheduler\project-scheduler\x64\Debug\vc110.pdb
D:\College\Cairo Uni\Computer\First Year\Second Term\Data Structures and Alorithms\Process Scheduler Project\process-scheduler\x64\Debug\project-scheduler.pdb
D:\College\Cairo Uni\Computer\First Year\Second Term\Data Structures and Alorithms\Process Scheduler Project\process-scheduler\x64\Debug\project-scheduler.exe
D:\College\Cairo Uni\Computer\First Year\Second Term\Data Structures and Alorithms\Process Scheduler Project\process-scheduler\x64\Debug\project-scheduler.ilk
